<?xml version="1.0" encoding="UTF-8"?>
<!-- Generated by org.testng.reporters.JUnitReportReporter -->
<testsuite hostname="DESKTOP-2V8C14C" failures="0" tests="1" name="Ollion.SeleniumAssignment.TestExecution" time="11.121" errors="0" timestamp="2024-02-07T15:39:10 IST" skipped="0">
  <testcase classname="Ollion.SeleniumAssignment.TestExecution" name="testNavigation" time="11.121">
    <system-out>
      <![CDATA[Accepted cookies
Navigated to Questions page
Navigated to Users page
Navigated to Editors page
Navigated to Page 2
Maximum edit count: 19
Username corresponding to the max edit count: OneCricketeer
User location corresponding to the max edit count: Austin, TX, United States]]>
    </system-out>
  </testcase> <!-- testNavigation -->
  <system-out>
    <![CDATA[Browser Launched
Accepted cookies
Navigated to Questions page
Navigated to Users page
Navigated to Editors page
Navigated to Page 2
Maximum edit count: 19
Username corresponding to the max edit count: OneCricketeer
User location corresponding to the max edit count: Austin, TX, United States
Browser closed]]>
  </system-out>
</testsuite> <!-- Ollion.SeleniumAssignment.TestExecution -->
